<?xml version="1.0" encoding="UTF-8"?>
<!-- Generated by org.testng.reporters.JUnitReportReporter -->
<testsuite hostname="DORK" failures="0" tests="2" name="testCases.TC001_AccountRegistrationTest" time="3.451" errors="0" timestamp="2024-11-06T13:18:02 GMT+06:00" skipped="0">
  <testcase classname="testCases.TC001_AccountRegistrationTest" name="verify_account_registration" time="1.559"/>
  <testcase classname="testCases.TC001_AccountRegistrationTest" name="verify_account_registration" time="1.892"/>
</testsuite> <!-- testCases.TC001_AccountRegistrationTest -->
