<?xml version="1.0" encoding="UTF-8"?>
<!-- Generated by org.testng.reporters.JUnitReportReporter -->
<testsuite hostname="DORK" failures="0" tests="1" name="testCases.TC001_AccountRegistrationTest" time="1.349" errors="0" timestamp="2024-11-06T14:13:25 GMT+06:00" skipped="0">
  <testcase classname="testCases.TC001_AccountRegistrationTest" name="verify_account_registration" time="1.349"/>
</testsuite> <!-- testCases.TC001_AccountRegistrationTest -->
